<?xml version="1.0" encoding="UTF-8"?>
<testng-results ignored="0" total="1" passed="1" failed="0" skipped="0">
  <reporter-output>
  </reporter-output>
  <suite started-at="2023-07-13T00:34:39 IST" name="Default suite" finished-at="2023-07-13T00:35:03 IST" duration-ms="23770">
    <groups>
    </groups>
    <test started-at="2023-07-13T00:34:39 IST" name="Default test" finished-at="2023-07-13T00:35:03 IST" duration-ms="23770">
      <class name="com.goodread.goodreadendtoend.GoodReadTrail">
        <test-method is-config="true" signature="configBeforeMethod()[pri:0, instance:com.goodread.goodreadendtoend.GoodReadTrail@1aa7ecca]" started-at="2023-07-13T00:34:39 IST" name="configBeforeMethod" finished-at="2023-07-13T00:34:46 IST" duration-ms="7345" status="PASS">
          <reporter-output>
          </reporter-output>
        </test-method> <!-- configBeforeMethod -->
        <test-method signature="selectAndRemoveBookFromList()[pri:0, instance:com.goodread.goodreadendtoend.GoodReadTrail@1aa7ecca]" started-at="2023-07-13T00:34:46 IST" name="selectAndRemoveBookFromList" finished-at="2023-07-13T00:35:03 IST" duration-ms="16369" status="PASS">
          <reporter-output>
          </reporter-output>
        </test-method> <!-- selectAndRemoveBookFromList -->
      </class> <!-- com.goodread.goodreadendtoend.GoodReadTrail -->
    </test> <!-- Default test -->
  </suite> <!-- Default suite -->
</testng-results>
